Integrated source/SmartMath/smartMath/build/outputs/logs/manifest-merger-debug-report.txt
-- Merging decision tree log ---
manifest
ADDED from src\main\AndroidManifest.xml:2:1-189:12
INJECTED from src\main\AndroidManifest.xml:2:1-189:12
INJECTED from src\main\AndroidManifest.xml:2:1-189:12
INJECTED from src\main\AndroidManifest.xml:2:1-189:12
MERGED from [:openCVLibrary300] AndroidManifest.xml:2:1-9:12
INJECTED from src\main\AndroidManifest.xml:2:1-189:12
INJECTED from src\main\AndroidManifest.xml:2:1-189:12
INJECTED from src\main\AndroidManifest.xml:2:1-189:12
	package
		ADDED from src\main\AndroidManifest.xml:3:5-36
		INJECTED from src\main\AndroidManifest.xml
		INJECTED from src\main\AndroidManifest.xml
	android:versionName
		ADDED from src\main\AndroidManifest.xml:6:5-35
		INJECTED from src\main\AndroidManifest.xml
		INJECTED from src\main\AndroidManifest.xml
	xmlns:android
		ADDED from src\main\AndroidManifest.xml:2:11-69
	android:versionCode
		ADDED from src\main\AndroidManifest.xml:5:5-29
		INJECTED from src\main\AndroidManifest.xml
		INJECTED from src\main\AndroidManifest.xml
	android:installLocation
		ADDED from src\main\AndroidManifest.xml:4:5-35
uses-sdk
ADDED from src\main\AndroidManifest.xml:8:5-10:41
INJECTED from src\main\AndroidManifest.xml:8:5-10:41
INJECTED from src\main\AndroidManifest.xml:8:5-10:41
MERGED from [:openCVLibrary300] AndroidManifest.xml:5:5-7:41
MERGED from [:openCVLibrary300] AndroidManifest.xml:5:5-7:41
INJECTED from src\main\AndroidManifest.xml:8:5-10:41
INJECTED from src\main\AndroidManifest.xml:8:5-10:41
	android:targetSdkVersion
		ADDED from src\main\AndroidManifest.xml:10:9-38
		INJECTED from src\main\AndroidManifest.xml
		INJECTED from src\main\AndroidManifest.xml
	android:minSdkVersion
		ADDED from src\main\AndroidManifest.xml:9:9-34
		INJECTED from src\main\AndroidManifest.xml
		INJECTED from src\main\AndroidManifest.xml
uses-permission#android.permission.CAMERA
ADDED from src\main\AndroidManifest.xml:12:5-65
	android:name
		ADDED from src\main\AndroidManifest.xml:12:22-62
uses-feature#android.hardware.camera
ADDED from src\main\AndroidManifest.xml:14:5-16:36
	android:required
		ADDED from src\main\AndroidManifest.xml:16:9-33
	android:name
		ADDED from src\main\AndroidManifest.xml:15:9-47
uses-feature#android.hardware.camera.autofocus
ADDED from src\main\AndroidManifest.xml:17:5-19:36
	android:required
		ADDED from src\main\AndroidManifest.xml:19:9-33
	android:name
		ADDED from src\main\AndroidManifest.xml:18:9-57
uses-feature#android.hardware.camera.front
ADDED from src\main\AndroidManifest.xml:20:5-22:36
	android:required
		ADDED from src\main\AndroidManifest.xml:22:9-33
	android:name
		ADDED from src\main\AndroidManifest.xml:21:9-53
uses-feature#android.hardware.camera.front.autofocus
ADDED from src\main\AndroidManifest.xml:23:5-25:36
	android:required
		ADDED from src\main\AndroidManifest.xml:25:9-33
	android:name
		ADDED from src\main\AndroidManifest.xml:24:9-63
uses-permission#android.permission.VIBRATE
ADDED from src\main\AndroidManifest.xml:27:5-66
	android:name
		ADDED from src\main\AndroidManifest.xml:27:22-63
uses-permission#android.permission.INTERNET
ADDED from src\main\AndroidManifest.xml:28:5-67
	android:name
		ADDED from src\main\AndroidManifest.xml:28:22-64
uses-permission#android.permission.ACCESS_NETWORK_STATE
ADDED from src\main\AndroidManifest.xml:29:5-79
	android:name
		ADDED from src\main\AndroidManifest.xml:29:22-76
uses-permission#android.permission.WRITE_EXTERNAL_STORAGE
ADDED from src\main\AndroidManifest.xml:30:5-81
	android:name
		ADDED from src\main\AndroidManifest.xml:30:22-78
uses-permission#android.permission.FLASHLIGHT
ADDED from src\main\AndroidManifest.xml:32:5-69
	android:name
		ADDED from src\main\AndroidManifest.xml:32:22-66
uses-permission#android.permission.READ_PHONE_STATE
ADDED from src\main\AndroidManifest.xml:33:5-75
	android:name
		ADDED from src\main\AndroidManifest.xml:33:22-72
uses-permission#android.permission.ACCESS_COARSE_LOCATION
ADDED from src\main\AndroidManifest.xml:34:5-81
	android:name
		ADDED from src\main\AndroidManifest.xml:34:22-78
uses-permission#android.permission.ACCESS_WIFI_STATE
ADDED from src\main\AndroidManifest.xml:35:5-76
	android:name
		ADDED from src\main\AndroidManifest.xml:35:22-73
uses-feature#android.hardware.camera.flash
ADDED from src\main\AndroidManifest.xml:42:5-44:36
	android:required
		ADDED from src\main\AndroidManifest.xml:44:9-33
	android:name
		ADDED from src\main\AndroidManifest.xml:43:9-53
supports-screens
ADDED from src\main\AndroidManifest.xml:46:5-48:37
	android:largeScreens
		ADDED from src\main\AndroidManifest.xml:51:9-36
	android:smallScreens
		ADDED from src\main\AndroidManifest.xml:54:9-36
	android:normalScreens
		ADDED from src\main\AndroidManifest.xml:52:9-37
	android:resizeable
		ADDED from src\main\AndroidManifest.xml:48:9-34
	android:anyDensity
		ADDED from src\main\AndroidManifest.xml:47:9-34
uses-permission#android.permission.READ_EXTERNAL_STORAGE
ADDED from src\main\AndroidManifest.xml:56:5-80
	android:name
		ADDED from src\main\AndroidManifest.xml:56:22-77
application
ADDED from src\main\AndroidManifest.xml:58:5-187:19
	android:label
		ADDED from src\main\AndroidManifest.xml:61:9-32
	android:icon
		ADDED from src\main\AndroidManifest.xml:60:9-38
	android:name
		ADDED from src\main\AndroidManifest.xml:59:9-37
meta-data#com.google.android.gms.version
ADDED from src\main\AndroidManifest.xml:62:9-64:39
	android:value
		ADDED from src\main\AndroidManifest.xml:64:13-36
	android:name
		ADDED from src\main\AndroidManifest.xml:63:13-58
activity#com.cyzapps.SmartMath.ActivitySmartCalc
ADDED from src\main\AndroidManifest.xml:66:9-71:20
	android:label
		ADDED from src\main\AndroidManifest.xml:68:13-71
	android:windowSoftInputMode
		ADDED from src\main\AndroidManifest.xml:69:13-67
	android:name
		ADDED from src\main\AndroidManifest.xml:67:13-46
activity#com.cyzapps.SmartMath.ActivityQuickRecog
ADDED from src\main\AndroidManifest.xml:72:9-75:53
	android:screenOrientation
		ADDED from src\main\AndroidManifest.xml:75:13-50
	android:configChanges
		ADDED from src\main\AndroidManifest.xml:74:13-74
	android:name
		ADDED from src\main\AndroidManifest.xml:73:13-47
activity#com.cyzapps.SmartMath.ActivityFingerPaint
ADDED from src\main\AndroidManifest.xml:76:9-90:20
	android:screenOrientation
		ADDED from src\main\AndroidManifest.xml:80:13-50
	android:label
		ADDED from src\main\AndroidManifest.xml:79:13-45
	android:windowSoftInputMode
		ADDED from src\main\AndroidManifest.xml:81:13-67
	android:configChanges
		ADDED from src\main\AndroidManifest.xml:78:13-74
	android:name
		ADDED from src\main\AndroidManifest.xml:77:13-48
activity#com.cyzapps.SmartMath.ActivityCalcAssistant
ADDED from src\main\AndroidManifest.xml:91:9-94:59
	android:configChanges
		ADDED from src\main\AndroidManifest.xml:93:13-74
	android:theme
		ADDED from src\main\AndroidManifest.xml:94:13-56
	android:name
		ADDED from src\main\AndroidManifest.xml:92:13-50
activity#com.cyzapps.SmartMath.ActivityReadConstants
ADDED from src\main\AndroidManifest.xml:95:9-97:77
	android:configChanges
		ADDED from src\main\AndroidManifest.xml:97:13-74
	android:name
		ADDED from src\main\AndroidManifest.xml:96:13-50
activity#com.cyzapps.SmartMath.ActivityCvtUnit
ADDED from src\main\AndroidManifest.xml:98:9-100:77
	android:configChanges
		ADDED from src\main\AndroidManifest.xml:100:13-74
	android:name
		ADDED from src\main\AndroidManifest.xml:99:13-44
activity#com.cyzapps.SmartMath.ActivityCfgKeyPad
ADDED from src\main\AndroidManifest.xml:101:9-103:70
	android:windowSoftInputMode
		ADDED from src\main\AndroidManifest.xml:103:13-67
	android:name
		ADDED from src\main\AndroidManifest.xml:102:13-46
activity#com.cyzapps.SmartMath.ActivityPlotXYGraph
ADDED from src\main\AndroidManifest.xml:104:9-107:70
	android:windowSoftInputMode
		ADDED from src\main\AndroidManifest.xml:107:13-67
	android:configChanges
		ADDED from src\main\AndroidManifest.xml:106:13-74
	android:name
		ADDED from src\main\AndroidManifest.xml:105:13-48
activity#com.cyzapps.SmartMath.ActivityPlotPolarGraph
ADDED from src\main\AndroidManifest.xml:108:9-111:70
	android:windowSoftInputMode
		ADDED from src\main\AndroidManifest.xml:111:13-67
	android:configChanges
		ADDED from src\main\AndroidManifest.xml:110:13-74
	android:name
		ADDED from src\main\AndroidManifest.xml:109:13-51
activity#com.cyzapps.SmartMath.ActivityPlotXYZGraph
ADDED from src\main\AndroidManifest.xml:112:9-115:70
	android:windowSoftInputMode
		ADDED from src\main\AndroidManifest.xml:115:13-67
	android:configChanges
		ADDED from src\main\AndroidManifest.xml:114:13-74
	android:name
		ADDED from src\main\AndroidManifest.xml:113:13-49
activity#com.cyzapps.SmartMath.ActivityIntegrate
ADDED from src\main\AndroidManifest.xml:116:9-119:70
	android:windowSoftInputMode
		ADDED from src\main\AndroidManifest.xml:119:13-67
	android:configChanges
		ADDED from src\main\AndroidManifest.xml:118:13-74
	android:name
		ADDED from src\main\AndroidManifest.xml:117:13-46
activity#com.cyzapps.SmartMath.ActivitySettings
ADDED from src\main\AndroidManifest.xml:120:9-123:59
	android:configChanges
		ADDED from src\main\AndroidManifest.xml:122:13-74
	android:theme
		ADDED from src\main\AndroidManifest.xml:123:13-56
	android:name
		ADDED from src\main\AndroidManifest.xml:121:13-45
activity#com.cyzapps.SmartMath.ActivitySmCRecord
ADDED from src\main\AndroidManifest.xml:124:9-126:77
	android:configChanges
		ADDED from src\main\AndroidManifest.xml:126:13-74
	android:name
		ADDED from src\main\AndroidManifest.xml:125:13-46
activity#com.cyzapps.SmartMath.ActivityTutorialBox
ADDED from src\main\AndroidManifest.xml:127:9-129:77
	android:configChanges
		ADDED from src\main\AndroidManifest.xml:129:13-74
	android:name
		ADDED from src\main\AndroidManifest.xml:128:13-48
activity#com.cyzapps.SmartMath.ActivityShowHelp
ADDED from src\main\AndroidManifest.xml:130:9-132:77
	android:configChanges
		ADDED from src\main\AndroidManifest.xml:132:13-74
	android:name
		ADDED from src\main\AndroidManifest.xml:131:13-45
activity#com.cyzapps.GraphDemon.ActivityChartDemon
ADDED from src\main\AndroidManifest.xml:133:9-135:77
	android:configChanges
		ADDED from src\main\AndroidManifest.xml:135:13-74
	android:name
		ADDED from src\main\AndroidManifest.xml:134:13-69
activity#com.cyzapps.GraphDemon.ActivityConfig2DExprGraph
ADDED from src\main\AndroidManifest.xml:136:9-139:59
	android:configChanges
		ADDED from src\main\AndroidManifest.xml:138:13-74
	android:theme
		ADDED from src\main\AndroidManifest.xml:139:13-56
	android:name
		ADDED from src\main\AndroidManifest.xml:137:13-76
activity#com.cyzapps.GraphDemon.ActivityConfigPolarExprGraph
ADDED from src\main\AndroidManifest.xml:140:9-143:59
	android:configChanges
		ADDED from src\main\AndroidManifest.xml:142:13-74
	android:theme
		ADDED from src\main\AndroidManifest.xml:143:13-56
	android:name
		ADDED from src\main\AndroidManifest.xml:141:13-79
activity#com.cyzapps.GraphDemon.ActivityConfigXYZGraph
ADDED from src\main\AndroidManifest.xml:144:9-147:59
	android:configChanges
		ADDED from src\main\AndroidManifest.xml:146:13-74
	android:theme
		ADDED from src\main\AndroidManifest.xml:147:13-56
	android:name
		ADDED from src\main\AndroidManifest.xml:145:13-73
activity#com.cyzapps.GraphDemon.ActivityConfig3DExprGraph
ADDED from src\main\AndroidManifest.xml:148:9-151:59
	android:configChanges
		ADDED from src\main\AndroidManifest.xml:150:13-74
	android:theme
		ADDED from src\main\AndroidManifest.xml:151:13-56
	android:name
		ADDED from src\main\AndroidManifest.xml:149:13-76
activity#com.cyzapps.MFPFileManager.MFPFileManagerActivity
ADDED from src\main\AndroidManifest.xml:152:9-154:77
	android:configChanges
		ADDED from src\main\AndroidManifest.xml:154:13-74
	android:name
		ADDED from src\main\AndroidManifest.xml:153:13-77
activity#com.cyzapps.MFPFileManager.ScriptEditorActivity
ADDED from src\main\AndroidManifest.xml:155:9-158:70
	android:windowSoftInputMode
		ADDED from src\main\AndroidManifest.xml:158:13-67
	android:configChanges
		ADDED from src\main\AndroidManifest.xml:157:13-74
	android:name
		ADDED from src\main\AndroidManifest.xml:156:13-75
activity#com.cyzapps.shapedetection.MainActivity
ADDED from src\main\AndroidManifest.xml:159:9-163:62
	android:screenOrientation
		ADDED from src\main\AndroidManifest.xml:163:13-50
	android:label
		ADDED from src\main\AndroidManifest.xml:162:13-45
	android:configChanges
		ADDED from src\main\AndroidManifest.xml:161:13-63
	android:name
		ADDED from src\main\AndroidManifest.xml:160:13-67
receiver#com.cyzapps.adapter.StorageActionReceiver
ADDED from src\main\AndroidManifest.xml:165:9-178:20
	android:enabled
		ADDED from src\main\AndroidManifest.xml:167:13-35
	android:exported
		ADDED from src\main\AndroidManifest.xml:168:13-36
	android:name
		ADDED from src\main\AndroidManifest.xml:166:13-69
intent-filter#android.intent.action.MEDIA_BAD_REMOVAL+android.intent.action.MEDIA_CHECKING+android.intent.action.MEDIA_EJECT+android.intent.action.MEDIA_MOUNTED+android.intent.action.MEDIA_UNMOUNTED
ADDED from src\main\AndroidManifest.xml:169:13-177:29
action#android.intent.action.MEDIA_MOUNTED
ADDED from src\main\AndroidManifest.xml:170:17-78
	android:name
		ADDED from src\main\AndroidManifest.xml:170:25-75
action#android.intent.action.MEDIA_UNMOUNTED
ADDED from src\main\AndroidManifest.xml:171:17-80
	android:name
		ADDED from src\main\AndroidManifest.xml:171:25-77
action#android.intent.action.MEDIA_EJECT
ADDED from src\main\AndroidManifest.xml:172:17-76
	android:name
		ADDED from src\main\AndroidManifest.xml:172:25-73
action#android.intent.action.MEDIA_BAD_REMOVAL
ADDED from src\main\AndroidManifest.xml:173:17-82
	android:name
		ADDED from src\main\AndroidManifest.xml:173:25-79
action#android.intent.action.MEDIA_CHECKING
ADDED from src\main\AndroidManifest.xml:174:17-79
	android:name
		ADDED from src\main\AndroidManifest.xml:174:25-76
data
ADDED from src\main\AndroidManifest.xml:176:17-47
	android:scheme
		ADDED from src\main\AndroidManifest.xml:176:23-44
activity#com.cyzapps.SmartMath.MyLauncher
ADDED from src\main\AndroidManifest.xml:180:9-186:20
	android:name
		ADDED from src\main\AndroidManifest.xml:180:19-45
intent-filter#android.intent.action.MAIN+android.intent.category.LAUNCHER
ADDED from src\main\AndroidManifest.xml:181:13-185:29
action#android.intent.action.MAIN
ADDED from src\main\AndroidManifest.xml:182:17-69
	android:name
		ADDED from src\main\AndroidManifest.xml:182:25-66
category#android.intent.category.LAUNCHER
ADDED from src\main\AndroidManifest.xml:184:17-77
	android:name
		ADDED from src\main\AndroidManifest.xml:184:27-74